{"D:\\robot_assignment\\index.ts": {"path":"D:\\robot_assignment\\index.ts","statementMap":{"0":{"start":{"line":2,"column":0},"end":{"line":2,"column":51}},"1":{"start":{"line":3,"column":15},"end":{"line":3,"column":32}},"2":{"start":{"line":4,"column":0},"end":{"line":4,"column":32}},"3":{"start":{"line":6,"column":0},"end":{"line":6,"column":44}},"4":{"start":{"line":7,"column":0},"end":{"line":7,"column":42}},"5":{"start":{"line":8,"column":0},"end":{"line":8,"column":46}},"6":{"start":{"line":9,"column":0},"end":{"line":9,"column":42}},"7":{"start":{"line":11,"column":24},"end":{"line":11,"column":58}},"8":{"start":{"line":12,"column":20},"end":{"line":12,"column":24}},"9":{"start":{"line":14,"column":13},"end":{"line":14,"column":29}},"10":{"start":{"line":16,"column":0},"end":{"line":16,"column":18}},"11":{"start":{"line":19,"column":0},"end":{"line":19,"column":24}},"12":{"start":{"line":21,"column":0},"end":{"line":56,"column":3}},"13":{"start":{"line":21,"column":53},"end":{"line":56,"column":2}},"14":{"start":{"line":23,"column":8},"end":{"line":23,"column":37}},"15":{"start":{"line":24,"column":8},"end":{"line":24,"column":39}},"16":{"start":{"line":27,"column":8},"end":{"line":27,"column":35}},"17":{"start":{"line":28,"column":2},"end":{"line":28,"column":28}},"18":{"start":{"line":29,"column":2},"end":{"line":29,"column":28}},"19":{"start":{"line":32,"column":26},"end":{"line":32,"column":null}},"20":{"start":{"line":32,"column":10},"end":{"line":32,"column":null}},"21":{"start":{"line":33,"column":10},"end":{"line":33,"column":22}},"22":{"start":{"line":34,"column":41},"end":{"line":34,"column":null}},"23":{"start":{"line":34,"column":30},"end":{"line":34,"column":null}},"24":{"start":{"line":34,"column":15},"end":{"line":34,"column":30}},"25":{"start":{"line":35,"column":12},"end":{"line":35,"column":37}},"26":{"start":{"line":36,"column":6},"end":{"line":36,"column":31}},"27":{"start":{"line":37,"column":6},"end":{"line":37,"column":31}},"28":{"start":{"line":38,"column":6},"end":{"line":38,"column":31}},"29":{"start":{"line":39,"column":6},"end":{"line":39,"column":39}},"30":{"start":{"line":41,"column":27},"end":{"line":41,"column":null}},"31":{"start":{"line":41,"column":12},"end":{"line":41,"column":null}},"32":{"start":{"line":44,"column":8},"end":{"line":44,"column":80}},"33":{"start":{"line":45,"column":8},"end":{"line":45,"column":28}},"34":{"start":{"line":46,"column":8},"end":{"line":46,"column":27}},"35":{"start":{"line":48,"column":8},"end":{"line":48,"column":79}},"36":{"start":{"line":52,"column":4},"end":{"line":52,"column":87}},"37":{"start":{"line":54,"column":4},"end":{"line":54,"column":76}},"38":{"start":{"line":58,"column":0},"end":{"line":67,"column":3}},"39":{"start":{"line":58,"column":63},"end":{"line":67,"column":2}},"40":{"start":{"line":60,"column":17},"end":{"line":60,"column":null}},"41":{"start":{"line":60,"column":8},"end":{"line":60,"column":null}},"42":{"start":{"line":62,"column":15},"end":{"line":62,"column":null}},"43":{"start":{"line":62,"column":8},"end":{"line":62,"column":null}},"44":{"start":{"line":64,"column":24},"end":{"line":64,"column":null}},"45":{"start":{"line":64,"column":8},"end":{"line":64,"column":null}},"46":{"start":{"line":66,"column":2},"end":{"line":66,"column":119}},"47":{"start":{"line":70,"column":0},"end":{"line":70,"column":103}},"48":{"start":{"line":73,"column":11},"end":{"line":73,"column":30}},"49":{"start":{"line":74,"column":0},"end":{"line":74,"column":64}},"50":{"start":{"line":76,"column":13},"end":{"line":83,"column":3}},"51":{"start":{"line":77,"column":2},"end":{"line":77,"column":54}},"52":{"start":{"line":79,"column":2},"end":{"line":81,"column":5}},"53":{"start":{"line":80,"column":4},"end":{"line":80,"column":52}},"54":{"start":{"line":82,"column":2},"end":{"line":82,"column":26}}},"fnMap":{"0":{"name":"(anonymous_14)","decl":{"start":{"line":21,"column":19},"end":{"line":21,"column":26}},"loc":{"start":{"line":21,"column":53},"end":{"line":56,"column":2}}},"1":{"name":"(anonymous_15)","decl":{"start":{"line":21,"column":53},"end":{"line":21,"column":null}},"loc":{"start":{"line":21,"column":53},"end":{"line":56,"column":2}}},"2":{"name":"(anonymous_17)","decl":{"start":{"line":58,"column":13},"end":{"line":58,"column":20}},"loc":{"start":{"line":58,"column":63},"end":{"line":67,"column":2}}},"3":{"name":"(anonymous_18)","decl":{"start":{"line":58,"column":63},"end":{"line":58,"column":null}},"loc":{"start":{"line":58,"column":63},"end":{"line":67,"column":2}}},"4":{"name":"(anonymous_20)","decl":{"start":{"line":76,"column":38},"end":{"line":76,"column":null}},"loc":{"start":{"line":76,"column":38},"end":{"line":83,"column":1}}},"5":{"name":"(anonymous_21)","decl":{"start":{"line":79,"column":19},"end":{"line":79,"column":null}},"loc":{"start":{"line":79,"column":19},"end":{"line":81,"column":3}}}},"branchMap":{"0":{"loc":{"start":{"line":34,"column":30},"end":{"line":34,"column":null}},"type":"if","locations":[{"start":{"line":34,"column":30},"end":{"line":34,"column":null}},{"start":{"line":34,"column":30},"end":{"line":34,"column":null}}]},"1":{"loc":{"start":{"line":60,"column":17},"end":{"line":60,"column":null}},"type":"switch","locations":[{"start":{"line":60,"column":17},"end":{"line":60,"column":null}}]}},"s":{"0":1,"1":1,"2":1,"3":1,"4":1,"5":1,"6":1,"7":1,"8":1,"9":1,"10":1,"11":1,"12":1,"13":1,"14":1,"15":1,"16":1,"17":1,"18":1,"19":1,"20":1,"21":1,"22":2,"23":5,"24":2,"25":2,"26":2,"27":2,"28":2,"29":2,"30":2,"31":2,"32":2,"33":2,"34":2,"35":0,"36":1,"37":0,"38":1,"39":1,"40":1,"41":1,"42":1,"43":1,"44":1,"45":1,"46":1,"47":1,"48":1,"49":1,"50":1,"51":1,"52":1,"53":1,"54":1},"f":{"0":1,"1":1,"2":1,"3":1,"4":1,"5":1},"b":{"0":[1,2],"1":[1]}}
,"D:\\robot_assignment\\processData.ts": {"path":"D:\\robot_assignment\\processData.ts","statementMap":{"0":{"start":{"line":3,"column":27},"end":{"line":54,"column":1}},"1":{"start":{"line":4,"column":19},"end":{"line":4,"column":21}},"2":{"start":{"line":5,"column":23},"end":{"line":5,"column":43}},"3":{"start":{"line":6,"column":37},"end":{"line":6,"column":52}},"4":{"start":{"line":9,"column":39},"end":{"line":9,"column":65}},"5":{"start":{"line":10,"column":2},"end":{"line":10,"column":53}},"6":{"start":{"line":10,"column":50},"end":{"line":10,"column":52}},"7":{"start":{"line":11,"column":2},"end":{"line":11,"column":19}},"8":{"start":{"line":12,"column":2},"end":{"line":12,"column":52}},"9":{"start":{"line":13,"column":2},"end":{"line":13,"column":52}},"10":{"start":{"line":15,"column":2},"end":{"line":18,"column":null}},"11":{"start":{"line":17,"column":4},"end":{"line":17,"column":95}},"12":{"start":{"line":20,"column":2},"end":{"line":20,"column":19}},"13":{"start":{"line":22,"column":2},"end":{"line":52,"column":null}},"14":{"start":{"line":22,"column":13},"end":{"line":22,"column":14}},"15":{"start":{"line":23,"column":4},"end":{"line":51,"column":null}},"16":{"start":{"line":25,"column":33},"end":{"line":25,"column":58}},"17":{"start":{"line":26,"column":6},"end":{"line":26,"column":44}},"18":{"start":{"line":26,"column":34},"end":{"line":26,"column":43}},"19":{"start":{"line":27,"column":6},"end":{"line":30,"column":null}},"20":{"start":{"line":29,"column":8},"end":{"line":29,"column":106}},"21":{"start":{"line":31,"column":6},"end":{"line":31,"column":41}},"22":{"start":{"line":34,"column":6},"end":{"line":34,"column":27}},"23":{"start":{"line":35,"column":38},"end":{"line":35,"column":64}},"24":{"start":{"line":36,"column":6},"end":{"line":36,"column":47}},"25":{"start":{"line":36,"column":44},"end":{"line":36,"column":46}},"26":{"start":{"line":39,"column":6},"end":{"line":42,"column":null}},"27":{"start":{"line":41,"column":8},"end":{"line":41,"column":91}},"28":{"start":{"line":44,"column":6},"end":{"line":47,"column":null}},"29":{"start":{"line":46,"column":8},"end":{"line":46,"column":96}},"30":{"start":{"line":48,"column":6},"end":{"line":48,"column":60}},"31":{"start":{"line":49,"column":6},"end":{"line":49,"column":60}},"32":{"start":{"line":50,"column":6},"end":{"line":50,"column":50}},"33":{"start":{"line":53,"column":2},"end":{"line":53,"column":14}},"34":{"start":{"line":3,"column":13},"end":{"line":3,"column":27}}},"fnMap":{"0":{"name":"(anonymous_0)","decl":{"start":{"line":3,"column":27},"end":{"line":3,"column":36}},"loc":{"start":{"line":3,"column":55},"end":{"line":54,"column":1}}},"1":{"name":"(anonymous_1)","decl":{"start":{"line":10,"column":45},"end":{"line":10,"column":46}},"loc":{"start":{"line":10,"column":47},"end":{"line":10,"column":51}}},"2":{"name":"(anonymous_2)","decl":{"start":{"line":26,"column":29},"end":{"line":26,"column":30}},"loc":{"start":{"line":26,"column":31},"end":{"line":26,"column":35}}},"3":{"name":"(anonymous_3)","decl":{"start":{"line":36,"column":39},"end":{"line":36,"column":40}},"loc":{"start":{"line":36,"column":41},"end":{"line":36,"column":45}}}},"branchMap":{"0":{"loc":{"start":{"line":15,"column":2},"end":{"line":18,"column":null}},"type":"if","locations":[{"start":{"line":15,"column":2},"end":{"line":18,"column":null}},{"start":{"line":15,"column":2},"end":{"line":18,"column":null}}]},"1":{"loc":{"start":{"line":15,"column":6},"end":{"line":15,"column":23}},"type":"binary-expr","locations":[{"start":{"line":15,"column":6},"end":{"line":15,"column":23}},{"start":{"line":15,"column":27},"end":{"line":15,"column":44}},{"start":{"line":15,"column":48},"end":{"line":15,"column":64}},{"start":{"line":15,"column":68},"end":{"line":15,"column":84}}]},"2":{"loc":{"start":{"line":23,"column":4},"end":{"line":51,"column":null}},"type":"if","locations":[{"start":{"line":23,"column":4},"end":{"line":51,"column":null}},{"start":{"line":23,"column":4},"end":{"line":51,"column":null}}]},"3":{"loc":{"start":{"line":27,"column":6},"end":{"line":30,"column":null}},"type":"if","locations":[{"start":{"line":27,"column":6},"end":{"line":30,"column":null}},{"start":{"line":27,"column":6},"end":{"line":30,"column":null}}]},"4":{"loc":{"start":{"line":27,"column":10},"end":{"line":27,"column":28}},"type":"binary-expr","locations":[{"start":{"line":27,"column":10},"end":{"line":27,"column":28}},{"start":{"line":27,"column":32},"end":{"line":27,"column":49}}]},"5":{"loc":{"start":{"line":39,"column":6},"end":{"line":42,"column":null}},"type":"if","locations":[{"start":{"line":39,"column":6},"end":{"line":42,"column":null}},{"start":{"line":39,"column":6},"end":{"line":42,"column":null}}]},"6":{"loc":{"start":{"line":39,"column":10},"end":{"line":39,"column":37}},"type":"binary-expr","locations":[{"start":{"line":39,"column":10},"end":{"line":39,"column":37}},{"start":{"line":39,"column":41},"end":{"line":39,"column":68}},{"start":{"line":39,"column":72},"end":{"line":39,"column":98}},{"start":{"line":39,"column":102},"end":{"line":39,"column":128}}]},"7":{"loc":{"start":{"line":44,"column":6},"end":{"line":47,"column":null}},"type":"if","locations":[{"start":{"line":44,"column":6},"end":{"line":47,"column":null}},{"start":{"line":44,"column":6},"end":{"line":47,"column":null}}]}},"s":{"0":2,"1":2,"2":2,"3":2,"4":2,"5":2,"6":6,"7":2,"8":2,"9":2,"10":2,"11":0,"12":2,"13":2,"14":2,"15":8,"16":4,"17":4,"18":27,"19":4,"20":0,"21":4,"22":4,"23":4,"24":4,"25":20,"26":4,"27":0,"28":4,"29":0,"30":4,"31":4,"32":4,"33":2,"34":2},"f":{"0":2,"1":6,"2":27,"3":20},"b":{"0":[0,2],"1":[2,2,2,2],"2":[4,4],"3":[0,4],"4":[4,4],"5":[0,4],"6":[4,4,4,4],"7":[0,4]}}
,"D:\\robot_assignment\\runInstructions.ts": {"path":"D:\\robot_assignment\\runInstructions.ts","statementMap":{"0":{"start":{"line":5,"column":27},"end":{"line":53,"column":1}},"1":{"start":{"line":6,"column":35},"end":{"line":6,"column":55}},"2":{"start":{"line":8,"column":25},"end":{"line":8,"column":59}},"3":{"start":{"line":11,"column":2},"end":{"line":51,"column":null}},"4":{"start":{"line":11,"column":22},"end":{"line":11,"column":28}},"5":{"start":{"line":11,"column":18},"end":{"line":11,"column":22}},"6":{"start":{"line":13,"column":4},"end":{"line":43,"column":null}},"7":{"start":{"line":14,"column":6},"end":{"line":14,"column":46}},"8":{"start":{"line":15,"column":6},"end":{"line":17,"column":null}},"9":{"start":{"line":16,"column":8},"end":{"line":16,"column":29}},"10":{"start":{"line":18,"column":11},"end":{"line":43,"column":null}},"11":{"start":{"line":19,"column":6},"end":{"line":19,"column":46}},"12":{"start":{"line":20,"column":6},"end":{"line":22,"column":null}},"13":{"start":{"line":21,"column":8},"end":{"line":21,"column":29}},"14":{"start":{"line":25,"column":6},"end":{"line":42,"column":null}},"15":{"start":{"line":27,"column":10},"end":{"line":27,"column":30}},"16":{"start":{"line":28,"column":10},"end":{"line":28,"column":16}},"17":{"start":{"line":31,"column":10},"end":{"line":31,"column":30}},"18":{"start":{"line":32,"column":10},"end":{"line":32,"column":16}},"19":{"start":{"line":35,"column":10},"end":{"line":35,"column":30}},"20":{"start":{"line":36,"column":10},"end":{"line":36,"column":16}},"21":{"start":{"line":39,"column":10},"end":{"line":39,"column":30}},"22":{"start":{"line":40,"column":10},"end":{"line":40,"column":16}},"23":{"start":{"line":46,"column":4},"end":{"line":49,"column":null}},"24":{"start":{"line":47,"column":6},"end":{"line":47,"column":33}},"25":{"start":{"line":48,"column":6},"end":{"line":48,"column":12}},"26":{"start":{"line":50,"column":4},"end":{"line":50,"column":50}},"27":{"start":{"line":52,"column":2},"end":{"line":52,"column":22}},"28":{"start":{"line":5,"column":13},"end":{"line":5,"column":27}}},"fnMap":{"0":{"name":"(anonymous_0)","decl":{"start":{"line":5,"column":27},"end":{"line":5,"column":36}},"loc":{"start":{"line":5,"column":98},"end":{"line":53,"column":1}}}},"branchMap":{"0":{"loc":{"start":{"line":13,"column":4},"end":{"line":43,"column":null}},"type":"if","locations":[{"start":{"line":13,"column":4},"end":{"line":43,"column":null}},{"start":{"line":13,"column":4},"end":{"line":43,"column":null}}]},"1":{"loc":{"start":{"line":15,"column":6},"end":{"line":17,"column":null}},"type":"if","locations":[{"start":{"line":15,"column":6},"end":{"line":17,"column":null}},{"start":{"line":15,"column":6},"end":{"line":17,"column":null}}]},"2":{"loc":{"start":{"line":18,"column":11},"end":{"line":43,"column":null}},"type":"if","locations":[{"start":{"line":18,"column":11},"end":{"line":43,"column":null}},{"start":{"line":18,"column":11},"end":{"line":43,"column":null}}]},"3":{"loc":{"start":{"line":20,"column":6},"end":{"line":22,"column":null}},"type":"if","locations":[{"start":{"line":20,"column":6},"end":{"line":22,"column":null}},{"start":{"line":20,"column":6},"end":{"line":22,"column":null}}]},"4":{"loc":{"start":{"line":26,"column":8},"end":{"line":29,"column":null}},"type":"switch","locations":[{"start":{"line":26,"column":8},"end":{"line":29,"column":null}},{"start":{"line":30,"column":8},"end":{"line":33,"column":null}},{"start":{"line":34,"column":8},"end":{"line":37,"column":null}},{"start":{"line":38,"column":8},"end":{"line":41,"column":null}}]},"5":{"loc":{"start":{"line":46,"column":4},"end":{"line":49,"column":null}},"type":"if","locations":[{"start":{"line":46,"column":4},"end":{"line":49,"column":null}},{"start":{"line":46,"column":4},"end":{"line":49,"column":null}}]},"6":{"loc":{"start":{"line":46,"column":8},"end":{"line":46,"column":40}},"type":"binary-expr","locations":[{"start":{"line":46,"column":8},"end":{"line":46,"column":40}},{"start":{"line":46,"column":44},"end":{"line":46,"column":76}},{"start":{"line":46,"column":80},"end":{"line":46,"column":97}},{"start":{"line":46,"column":101},"end":{"line":46,"column":117}}]}},"s":{"0":2,"1":3,"2":3,"3":3,"4":6,"5":14,"6":14,"7":3,"8":3,"9":0,"10":11,"11":2,"12":2,"13":0,"14":9,"15":7,"16":7,"17":1,"18":1,"19":0,"20":0,"21":1,"22":1,"23":14,"24":1,"25":1,"26":13,"27":3,"28":2},"f":{"0":3},"b":{"0":[3,11],"1":[0,3],"2":[2,9],"3":[0,2],"4":[7,1,0,1],"5":[1,13],"6":[14,14,13,13]}}
,"D:\\robot_assignment\\models\\planet.ts": {"path":"D:\\robot_assignment\\models\\planet.ts","statementMap":{"0":{"start":{"line":1,"column":0},"end":{"line":1,"column":52}},"1":{"start":{"line":8,"column":29},"end":{"line":11,"column":2}},"2":{"start":{"line":13,"column":13},"end":{"line":13,"column":75}}},"fnMap":{},"branchMap":{},"s":{"0":2,"1":2,"2":2},"f":{},"b":{}}
,"D:\\robot_assignment\\models\\robot.ts": {"path":"D:\\robot_assignment\\models\\robot.ts","statementMap":{"0":{"start":{"line":1,"column":0},"end":{"line":1,"column":52}},"1":{"start":{"line":12,"column":28},"end":{"line":18,"column":2}},"2":{"start":{"line":20,"column":13},"end":{"line":20,"column":71}}},"fnMap":{},"branchMap":{},"s":{"0":2,"1":2,"2":2},"f":{},"b":{}}
}
