{"D:\\robot_assignment\\processData.ts": {"path":"D:\\robot_assignment\\processData.ts","statementMap":{"0":{"start":{"line":3,"column":27},"end":{"line":54,"column":1}},"1":{"start":{"line":4,"column":19},"end":{"line":4,"column":21}},"2":{"start":{"line":5,"column":23},"end":{"line":5,"column":43}},"3":{"start":{"line":6,"column":37},"end":{"line":6,"column":52}},"4":{"start":{"line":9,"column":39},"end":{"line":9,"column":65}},"5":{"start":{"line":10,"column":2},"end":{"line":10,"column":53}},"6":{"start":{"line":10,"column":50},"end":{"line":10,"column":52}},"7":{"start":{"line":11,"column":2},"end":{"line":11,"column":19}},"8":{"start":{"line":12,"column":2},"end":{"line":12,"column":52}},"9":{"start":{"line":13,"column":2},"end":{"line":13,"column":52}},"10":{"start":{"line":15,"column":2},"end":{"line":18,"column":null}},"11":{"start":{"line":17,"column":4},"end":{"line":17,"column":95}},"12":{"start":{"line":20,"column":2},"end":{"line":20,"column":19}},"13":{"start":{"line":22,"column":2},"end":{"line":52,"column":null}},"14":{"start":{"line":22,"column":13},"end":{"line":22,"column":14}},"15":{"start":{"line":23,"column":4},"end":{"line":51,"column":null}},"16":{"start":{"line":25,"column":33},"end":{"line":25,"column":58}},"17":{"start":{"line":26,"column":6},"end":{"line":26,"column":44}},"18":{"start":{"line":26,"column":34},"end":{"line":26,"column":43}},"19":{"start":{"line":27,"column":6},"end":{"line":30,"column":null}},"20":{"start":{"line":29,"column":8},"end":{"line":29,"column":106}},"21":{"start":{"line":31,"column":6},"end":{"line":31,"column":41}},"22":{"start":{"line":34,"column":6},"end":{"line":34,"column":27}},"23":{"start":{"line":35,"column":38},"end":{"line":35,"column":64}},"24":{"start":{"line":36,"column":6},"end":{"line":36,"column":47}},"25":{"start":{"line":36,"column":44},"end":{"line":36,"column":46}},"26":{"start":{"line":39,"column":6},"end":{"line":42,"column":null}},"27":{"start":{"line":41,"column":8},"end":{"line":41,"column":91}},"28":{"start":{"line":44,"column":6},"end":{"line":47,"column":null}},"29":{"start":{"line":46,"column":8},"end":{"line":46,"column":96}},"30":{"start":{"line":48,"column":6},"end":{"line":48,"column":60}},"31":{"start":{"line":49,"column":6},"end":{"line":49,"column":60}},"32":{"start":{"line":50,"column":6},"end":{"line":50,"column":50}},"33":{"start":{"line":53,"column":2},"end":{"line":53,"column":14}},"34":{"start":{"line":3,"column":13},"end":{"line":3,"column":27}}},"fnMap":{"0":{"name":"(anonymous_0)","decl":{"start":{"line":3,"column":27},"end":{"line":3,"column":36}},"loc":{"start":{"line":3,"column":55},"end":{"line":54,"column":1}}},"1":{"name":"(anonymous_1)","decl":{"start":{"line":10,"column":45},"end":{"line":10,"column":46}},"loc":{"start":{"line":10,"column":47},"end":{"line":10,"column":51}}},"2":{"name":"(anonymous_2)","decl":{"start":{"line":26,"column":29},"end":{"line":26,"column":30}},"loc":{"start":{"line":26,"column":31},"end":{"line":26,"column":35}}},"3":{"name":"(anonymous_3)","decl":{"start":{"line":36,"column":39},"end":{"line":36,"column":40}},"loc":{"start":{"line":36,"column":41},"end":{"line":36,"column":45}}}},"branchMap":{"0":{"loc":{"start":{"line":15,"column":2},"end":{"line":18,"column":null}},"type":"if","locations":[{"start":{"line":15,"column":2},"end":{"line":18,"column":null}},{"start":{"line":15,"column":2},"end":{"line":18,"column":null}}]},"1":{"loc":{"start":{"line":15,"column":6},"end":{"line":15,"column":23}},"type":"binary-expr","locations":[{"start":{"line":15,"column":6},"end":{"line":15,"column":23}},{"start":{"line":15,"column":27},"end":{"line":15,"column":44}},{"start":{"line":15,"column":48},"end":{"line":15,"column":64}},{"start":{"line":15,"column":68},"end":{"line":15,"column":84}}]},"2":{"loc":{"start":{"line":23,"column":4},"end":{"line":51,"column":null}},"type":"if","locations":[{"start":{"line":23,"column":4},"end":{"line":51,"column":null}},{"start":{"line":23,"column":4},"end":{"line":51,"column":null}}]},"3":{"loc":{"start":{"line":27,"column":6},"end":{"line":30,"column":null}},"type":"if","locations":[{"start":{"line":27,"column":6},"end":{"line":30,"column":null}},{"start":{"line":27,"column":6},"end":{"line":30,"column":null}}]},"4":{"loc":{"start":{"line":27,"column":10},"end":{"line":27,"column":28}},"type":"binary-expr","locations":[{"start":{"line":27,"column":10},"end":{"line":27,"column":28}},{"start":{"line":27,"column":32},"end":{"line":27,"column":49}}]},"5":{"loc":{"start":{"line":39,"column":6},"end":{"line":42,"column":null}},"type":"if","locations":[{"start":{"line":39,"column":6},"end":{"line":42,"column":null}},{"start":{"line":39,"column":6},"end":{"line":42,"column":null}}]},"6":{"loc":{"start":{"line":39,"column":10},"end":{"line":39,"column":37}},"type":"binary-expr","locations":[{"start":{"line":39,"column":10},"end":{"line":39,"column":37}},{"start":{"line":39,"column":41},"end":{"line":39,"column":68}},{"start":{"line":39,"column":72},"end":{"line":39,"column":98}},{"start":{"line":39,"column":102},"end":{"line":39,"column":128}}]},"7":{"loc":{"start":{"line":44,"column":6},"end":{"line":47,"column":null}},"type":"if","locations":[{"start":{"line":44,"column":6},"end":{"line":47,"column":null}},{"start":{"line":44,"column":6},"end":{"line":47,"column":null}}]}},"s":{"0":1,"1":1,"2":1,"3":1,"4":1,"5":1,"6":3,"7":1,"8":1,"9":1,"10":1,"11":0,"12":1,"13":1,"14":1,"15":4,"16":2,"17":2,"18":16,"19":2,"20":0,"21":2,"22":2,"23":2,"24":2,"25":10,"26":2,"27":0,"28":2,"29":0,"30":2,"31":2,"32":2,"33":1,"34":1},"f":{"0":1,"1":3,"2":16,"3":10},"b":{"0":[0,1],"1":[1,1,1,1],"2":[2,2],"3":[0,2],"4":[2,2],"5":[0,2],"6":[2,2,2,2],"7":[0,2]}}
,"D:\\robot_assignment\\runInstructions.ts": {"path":"D:\\robot_assignment\\runInstructions.ts","statementMap":{"0":{"start":{"line":5,"column":27},"end":{"line":53,"column":1}},"1":{"start":{"line":6,"column":35},"end":{"line":6,"column":55}},"2":{"start":{"line":8,"column":25},"end":{"line":8,"column":59}},"3":{"start":{"line":11,"column":2},"end":{"line":51,"column":null}},"4":{"start":{"line":11,"column":22},"end":{"line":11,"column":28}},"5":{"start":{"line":11,"column":18},"end":{"line":11,"column":22}},"6":{"start":{"line":13,"column":4},"end":{"line":43,"column":null}},"7":{"start":{"line":14,"column":6},"end":{"line":14,"column":46}},"8":{"start":{"line":15,"column":6},"end":{"line":17,"column":null}},"9":{"start":{"line":16,"column":8},"end":{"line":16,"column":29}},"10":{"start":{"line":18,"column":11},"end":{"line":43,"column":null}},"11":{"start":{"line":19,"column":6},"end":{"line":19,"column":46}},"12":{"start":{"line":20,"column":6},"end":{"line":22,"column":null}},"13":{"start":{"line":21,"column":8},"end":{"line":21,"column":29}},"14":{"start":{"line":25,"column":6},"end":{"line":42,"column":null}},"15":{"start":{"line":27,"column":10},"end":{"line":27,"column":30}},"16":{"start":{"line":28,"column":10},"end":{"line":28,"column":16}},"17":{"start":{"line":31,"column":10},"end":{"line":31,"column":30}},"18":{"start":{"line":32,"column":10},"end":{"line":32,"column":16}},"19":{"start":{"line":35,"column":10},"end":{"line":35,"column":30}},"20":{"start":{"line":36,"column":10},"end":{"line":36,"column":16}},"21":{"start":{"line":39,"column":10},"end":{"line":39,"column":30}},"22":{"start":{"line":40,"column":10},"end":{"line":40,"column":16}},"23":{"start":{"line":46,"column":4},"end":{"line":49,"column":null}},"24":{"start":{"line":47,"column":6},"end":{"line":47,"column":33}},"25":{"start":{"line":48,"column":6},"end":{"line":48,"column":12}},"26":{"start":{"line":50,"column":4},"end":{"line":50,"column":50}},"27":{"start":{"line":52,"column":2},"end":{"line":52,"column":22}},"28":{"start":{"line":5,"column":13},"end":{"line":5,"column":27}}},"fnMap":{"0":{"name":"(anonymous_0)","decl":{"start":{"line":5,"column":27},"end":{"line":5,"column":36}},"loc":{"start":{"line":5,"column":98},"end":{"line":53,"column":1}}}},"branchMap":{"0":{"loc":{"start":{"line":13,"column":4},"end":{"line":43,"column":null}},"type":"if","locations":[{"start":{"line":13,"column":4},"end":{"line":43,"column":null}},{"start":{"line":13,"column":4},"end":{"line":43,"column":null}}]},"1":{"loc":{"start":{"line":15,"column":6},"end":{"line":17,"column":null}},"type":"if","locations":[{"start":{"line":15,"column":6},"end":{"line":17,"column":null}},{"start":{"line":15,"column":6},"end":{"line":17,"column":null}}]},"2":{"loc":{"start":{"line":18,"column":11},"end":{"line":43,"column":null}},"type":"if","locations":[{"start":{"line":18,"column":11},"end":{"line":43,"column":null}},{"start":{"line":18,"column":11},"end":{"line":43,"column":null}}]},"3":{"loc":{"start":{"line":20,"column":6},"end":{"line":22,"column":null}},"type":"if","locations":[{"start":{"line":20,"column":6},"end":{"line":22,"column":null}},{"start":{"line":20,"column":6},"end":{"line":22,"column":null}}]},"4":{"loc":{"start":{"line":26,"column":8},"end":{"line":29,"column":null}},"type":"switch","locations":[{"start":{"line":26,"column":8},"end":{"line":29,"column":null}},{"start":{"line":30,"column":8},"end":{"line":33,"column":null}},{"start":{"line":34,"column":8},"end":{"line":37,"column":null}},{"start":{"line":38,"column":8},"end":{"line":41,"column":null}}]},"5":{"loc":{"start":{"line":46,"column":4},"end":{"line":49,"column":null}},"type":"if","locations":[{"start":{"line":46,"column":4},"end":{"line":49,"column":null}},{"start":{"line":46,"column":4},"end":{"line":49,"column":null}}]},"6":{"loc":{"start":{"line":46,"column":8},"end":{"line":46,"column":40}},"type":"binary-expr","locations":[{"start":{"line":46,"column":8},"end":{"line":46,"column":40}},{"start":{"line":46,"column":44},"end":{"line":46,"column":76}},{"start":{"line":46,"column":80},"end":{"line":46,"column":97}},{"start":{"line":46,"column":101},"end":{"line":46,"column":117}}]}},"s":{"0":1,"1":1,"2":1,"3":1,"4":2,"5":6,"6":6,"7":1,"8":1,"9":0,"10":5,"11":1,"12":1,"13":0,"14":4,"15":3,"16":3,"17":1,"18":1,"19":0,"20":0,"21":0,"22":0,"23":6,"24":0,"25":0,"26":6,"27":1,"28":1},"f":{"0":1},"b":{"0":[1,5],"1":[0,1],"2":[1,4],"3":[0,1],"4":[3,1,0,0],"5":[0,6],"6":[6,6,6,6]}}
,"D:\\robot_assignment\\models\\planet.ts": {"path":"D:\\robot_assignment\\models\\planet.ts","statementMap":{"0":{"start":{"line":1,"column":0},"end":{"line":1,"column":52}},"1":{"start":{"line":8,"column":29},"end":{"line":11,"column":2}},"2":{"start":{"line":13,"column":13},"end":{"line":13,"column":75}}},"fnMap":{},"branchMap":{},"s":{"0":1,"1":1,"2":1},"f":{},"b":{}}
,"D:\\robot_assignment\\models\\robot.ts": {"path":"D:\\robot_assignment\\models\\robot.ts","statementMap":{"0":{"start":{"line":1,"column":0},"end":{"line":1,"column":52}},"1":{"start":{"line":12,"column":28},"end":{"line":18,"column":2}},"2":{"start":{"line":20,"column":13},"end":{"line":20,"column":71}}},"fnMap":{},"branchMap":{},"s":{"0":1,"1":1,"2":1},"f":{},"b":{}}
}
