TN:
SF:processData.ts
FN:3,(anonymous_0)
FN:10,(anonymous_1)
FN:26,(anonymous_2)
FN:36,(anonymous_3)
FNF:4
FNH:4
FNDA:1,(anonymous_0)
FNDA:3,(anonymous_1)
FNDA:16,(anonymous_2)
FNDA:10,(anonymous_3)
DA:3,1
DA:4,1
DA:5,1
DA:6,1
DA:9,1
DA:10,3
DA:11,1
DA:12,1
DA:13,1
DA:15,1
DA:17,0
DA:20,1
DA:22,1
DA:23,4
DA:25,2
DA:26,16
DA:27,2
DA:29,0
DA:31,2
DA:34,2
DA:35,2
DA:36,10
DA:39,2
DA:41,0
DA:44,2
DA:46,0
DA:48,2
DA:49,2
DA:50,2
DA:53,1
LF:30
LH:26
BRDA:15,0,0,0
BRDA:15,0,1,1
BRDA:15,1,0,1
BRDA:15,1,1,1
BRDA:15,1,2,1
BRDA:15,1,3,1
BRDA:23,2,0,2
BRDA:23,2,1,2
BRDA:27,3,0,0
BRDA:27,3,1,2
BRDA:27,4,0,2
BRDA:27,4,1,2
BRDA:39,5,0,0
BRDA:39,5,1,2
BRDA:39,6,0,2
BRDA:39,6,1,2
BRDA:39,6,2,2
BRDA:39,6,3,2
BRDA:44,7,0,0
BRDA:44,7,1,2
BRF:20
BRH:16
end_of_record
TN:
SF:runInstructions.ts
FN:5,(anonymous_0)
FNF:1
FNH:1
FNDA:1,(anonymous_0)
DA:5,1
DA:6,1
DA:8,1
DA:11,6
DA:13,6
DA:14,1
DA:15,1
DA:16,0
DA:18,5
DA:19,1
DA:20,1
DA:21,0
DA:25,4
DA:27,3
DA:28,3
DA:31,1
DA:32,1
DA:35,0
DA:36,0
DA:39,0
DA:40,0
DA:46,6
DA:47,0
DA:48,0
DA:50,6
DA:52,1
LF:26
LH:18
BRDA:13,0,0,1
BRDA:13,0,1,5
BRDA:15,1,0,0
BRDA:15,1,1,1
BRDA:18,2,0,1
BRDA:18,2,1,4
BRDA:20,3,0,0
BRDA:20,3,1,1
BRDA:26,4,0,3
BRDA:26,4,1,1
BRDA:26,4,2,0
BRDA:26,4,3,0
BRDA:46,5,0,0
BRDA:46,5,1,6
BRDA:46,6,0,6
BRDA:46,6,1,6
BRDA:46,6,2,6
BRDA:46,6,3,6
BRF:18
BRH:13
end_of_record
TN:
SF:models\planet.ts
FNF:0
FNH:0
DA:1,1
DA:8,1
DA:13,1
LF:3
LH:3
BRF:0
BRH:0
end_of_record
TN:
SF:models\robot.ts
FNF:0
FNH:0
DA:1,1
DA:12,1
DA:20,1
LF:3
LH:3
BRF:0
BRH:0
end_of_record
