TN:
SF:index.ts
FN:21,(anonymous_14)
FN:21,(anonymous_15)
FN:58,(anonymous_17)
FN:58,(anonymous_18)
FN:76,(anonymous_20)
FN:79,(anonymous_21)
FNF:6
FNH:6
FNDA:1,(anonymous_14)
FNDA:1,(anonymous_15)
FNDA:1,(anonymous_17)
FNDA:1,(anonymous_18)
FNDA:1,(anonymous_20)
FNDA:1,(anonymous_21)
DA:2,1
DA:3,1
DA:4,1
DA:6,1
DA:7,1
DA:8,1
DA:9,1
DA:11,1
DA:12,1
DA:14,1
DA:16,1
DA:19,1
DA:21,1
DA:23,1
DA:24,1
DA:27,1
DA:28,1
DA:29,1
DA:32,1
DA:33,1
DA:34,5
DA:35,2
DA:36,2
DA:37,2
DA:38,2
DA:39,2
DA:41,2
DA:44,2
DA:45,2
DA:46,2
DA:48,0
DA:52,1
DA:54,0
DA:58,1
DA:60,1
DA:62,1
DA:64,1
DA:66,1
DA:70,1
DA:73,1
DA:74,1
DA:76,1
DA:77,1
DA:79,1
DA:80,1
DA:82,1
LF:46
LH:44
BRDA:34,0,0,1
BRDA:34,0,1,2
BRDA:60,1,0,1
BRF:3
BRH:3
end_of_record
TN:
SF:processData.ts
FN:3,(anonymous_0)
FN:10,(anonymous_1)
FN:26,(anonymous_2)
FN:36,(anonymous_3)
FNF:4
FNH:4
FNDA:2,(anonymous_0)
FNDA:6,(anonymous_1)
FNDA:27,(anonymous_2)
FNDA:20,(anonymous_3)
DA:3,2
DA:4,2
DA:5,2
DA:6,2
DA:9,2
DA:10,6
DA:11,2
DA:12,2
DA:13,2
DA:15,2
DA:17,0
DA:20,2
DA:22,2
DA:23,8
DA:25,4
DA:26,27
DA:27,4
DA:29,0
DA:31,4
DA:34,4
DA:35,4
DA:36,20
DA:39,4
DA:41,0
DA:44,4
DA:46,0
DA:48,4
DA:49,4
DA:50,4
DA:53,2
LF:30
LH:26
BRDA:15,0,0,0
BRDA:15,0,1,2
BRDA:15,1,0,2
BRDA:15,1,1,2
BRDA:15,1,2,2
BRDA:15,1,3,2
BRDA:23,2,0,4
BRDA:23,2,1,4
BRDA:27,3,0,0
BRDA:27,3,1,4
BRDA:27,4,0,4
BRDA:27,4,1,4
BRDA:39,5,0,0
BRDA:39,5,1,4
BRDA:39,6,0,4
BRDA:39,6,1,4
BRDA:39,6,2,4
BRDA:39,6,3,4
BRDA:44,7,0,0
BRDA:44,7,1,4
BRF:20
BRH:16
end_of_record
TN:
SF:runInstructions.ts
FN:5,(anonymous_0)
FNF:1
FNH:1
FNDA:3,(anonymous_0)
DA:5,2
DA:6,3
DA:8,3
DA:11,14
DA:13,14
DA:14,3
DA:15,3
DA:16,0
DA:18,11
DA:19,2
DA:20,2
DA:21,0
DA:25,9
DA:27,7
DA:28,7
DA:31,1
DA:32,1
DA:35,0
DA:36,0
DA:39,1
DA:40,1
DA:46,14
DA:47,1
DA:48,1
DA:50,13
DA:52,3
LF:26
LH:22
BRDA:13,0,0,3
BRDA:13,0,1,11
BRDA:15,1,0,0
BRDA:15,1,1,3
BRDA:18,2,0,2
BRDA:18,2,1,9
BRDA:20,3,0,0
BRDA:20,3,1,2
BRDA:26,4,0,7
BRDA:26,4,1,1
BRDA:26,4,2,0
BRDA:26,4,3,1
BRDA:46,5,0,1
BRDA:46,5,1,13
BRDA:46,6,0,14
BRDA:46,6,1,14
BRDA:46,6,2,13
BRDA:46,6,3,13
BRF:18
BRH:15
end_of_record
TN:
SF:models\planet.ts
FNF:0
FNH:0
DA:1,2
DA:8,2
DA:13,2
LF:3
LH:3
BRF:0
BRH:0
end_of_record
TN:
SF:models\robot.ts
FNF:0
FNH:0
DA:1,2
DA:12,2
DA:20,2
LF:3
LH:3
BRF:0
BRH:0
end_of_record
